  Graphics.cpp
d:\program files (x86)\xite\desktop\xarxes\gameclient\graphics.h(30): warning C4244: '=': conversión de 'int' a 'T'; posible pérdida de datos
          with
          [
              T=float
          ]
d:\program files (x86)\xite\desktop\xarxes\gameclient\graphics.h(31): warning C4244: '=': conversión de 'int' a 'T'; posible pérdida de datos
          with
          [
              T=float
          ]
d:\program files (x86)\xite\desktop\xarxes\gameclient\graphics.h(32): warning C4244: '=': conversión de 'int' a 'T'; posible pérdida de datos
          with
          [
              T=float
          ]
d:\program files (x86)\xite\desktop\xarxes\gameclient\graphics.h(33): warning C4244: '=': conversión de 'int' a 'T'; posible pérdida de datos
          with
          [
              T=float
          ]
d:\program files (x86)\xite\desktop\xarxes\gameclient\graphics.h(41): warning C4244: 'inicializando': conversión de 'T' a 'int'; posible pérdida de datos
          with
          [
              T=float
          ]
d:\program files (x86)\xite\desktop\xarxes\gameclient\graphics.h(41): warning C4244: '=': conversión de 'float' a 'int'; posible pérdida de datos
d:\program files (x86)\xite\desktop\xarxes\gameclient\graphics.h(43): warning C4244: 'inicializando': conversión de 'T' a 'int'; posible pérdida de datos
          with
          [
              T=float
          ]
d:\program files (x86)\xite\desktop\xarxes\gameclient\graphics.h(43): warning C4244: '=': conversión de 'float' a 'int'; posible pérdida de datos
d:\program files (x86)\xite\desktop\xarxes\gameclient\graphics.h(45): warning C4244: 'argumento': conversión de 'int' a 'T'; posible pérdida de datos
          with
          [
              T=float
          ]
  Source.cpp
d:\program files (x86)\xite\desktop\xarxes\gameclient\graphics.h(30): warning C4244: '=': conversión de 'int' a 'T'; posible pérdida de datos
          with
          [
              T=float
          ]
d:\program files (x86)\xite\desktop\xarxes\gameclient\graphics.h(31): warning C4244: '=': conversión de 'int' a 'T'; posible pérdida de datos
          with
          [
              T=float
          ]
d:\program files (x86)\xite\desktop\xarxes\gameclient\graphics.h(32): warning C4244: '=': conversión de 'int' a 'T'; posible pérdida de datos
          with
          [
              T=float
          ]
d:\program files (x86)\xite\desktop\xarxes\gameclient\graphics.h(33): warning C4244: '=': conversión de 'int' a 'T'; posible pérdida de datos
          with
          [
              T=float
          ]
d:\program files (x86)\xite\desktop\xarxes\gameclient\graphics.h(41): warning C4244: 'inicializando': conversión de 'T' a 'int'; posible pérdida de datos
          with
          [
              T=float
          ]
d:\program files (x86)\xite\desktop\xarxes\gameclient\graphics.h(41): warning C4244: '=': conversión de 'float' a 'int'; posible pérdida de datos
d:\program files (x86)\xite\desktop\xarxes\gameclient\graphics.h(43): warning C4244: 'inicializando': conversión de 'T' a 'int'; posible pérdida de datos
          with
          [
              T=float
          ]
d:\program files (x86)\xite\desktop\xarxes\gameclient\graphics.h(43): warning C4244: '=': conversión de 'float' a 'int'; posible pérdida de datos
d:\program files (x86)\xite\desktop\xarxes\gameclient\graphics.h(45): warning C4244: 'argumento': conversión de 'int' a 'T'; posible pérdida de datos
          with
          [
              T=float
          ]
  Generando código...
LINK : fatal error LNK1104: no se puede abrir el archivo 'GameLib.lib'
