c:\users\carmen\downloads\platilla_3projects (1)\platilla_3projects\gameserver\x64\release\vc141.pdb
c:\users\carmen\downloads\platilla_3projects (1)\platilla_3projects\gameserver\x64\release\source.obj
d:\program files (x86)\xite\desktop\xarxes\gameserver\x64\release\vc141.pdb
d:\program files (x86)\xite\desktop\xarxes\gameserver\x64\release\source.obj
c:\users\carmen\downloads\platilla_3projects (1)\platilla_3projects\x64\release\gameserver.ipdb
c:\users\carmen\downloads\platilla_3projects (1)\platilla_3projects\x64\release\gameserver.iobj
d:\program files (x86)\xite\desktop\xarxes\x64\release\gameserver.ipdb
d:\program files (x86)\xite\desktop\xarxes\x64\release\gameserver.iobj
c:\users\carmen\downloads\platilla_3projects (1)\platilla_3projects\x64\release\gameserver.exe
c:\users\carmen\downloads\platilla_3projects (1)\platilla_3projects\x64\release\gameserver.pdb
d:\program files (x86)\xite\desktop\xarxes\x64\release\gameserver.exe
d:\program files (x86)\xite\desktop\xarxes\x64\release\gameserver.pdb
d:\uni\3r\xarxes\xarxes\xarxesclientservidor\gameserver\x64\release\source.obj
d:\uni\3r\xarxes\xarxes\xarxesclientservidor\gameserver\x64\release\vc141.pdb
d:\uni\3r\xarxes\xarxes\xarxesclientservidor\x64\release\gameserver.pdb
d:\uni\3r\xarxes\xarxes\xarxesclientservidor\x64\release\gameserver.exe
d:\uni\3r\xarxes\xarxes\xarxesclientservidor\gameserver\x64\release\gameserver.tlog\cl.command.1.tlog
d:\uni\3r\xarxes\xarxes\xarxesclientservidor\gameserver\x64\release\gameserver.tlog\cl.read.1.tlog
d:\uni\3r\xarxes\xarxes\xarxesclientservidor\gameserver\x64\release\gameserver.tlog\cl.write.1.tlog
d:\uni\3r\xarxes\xarxes\xarxesclientservidor\gameserver\x64\release\gameserver.tlog\gameserver.write.1u.tlog
d:\uni\3r\xarxes\xarxes\xarxesclientservidor\gameserver\x64\release\gameserver.tlog\link.command.1.tlog
d:\uni\3r\xarxes\xarxes\xarxesclientservidor\gameserver\x64\release\gameserver.tlog\link.read.1.tlog
d:\uni\3r\xarxes\xarxes\xarxesclientservidor\gameserver\x64\release\gameserver.tlog\link.write.1.tlog
