  Client.cpp
d:\uni\3r\xarxes\xarxes\xarxes_udp\gameclient\client.cpp(247): warning C4244: 'argumento': conversión de 'time_t' a 'unsigned int'; posible pérdida de datos
d:\uni\3r\xarxes\xarxes\xarxes_udp\gameclient\client.cpp(251): warning C4305: 'inicializando': truncamiento de 'double' a 'float'
d:\uni\3r\xarxes\xarxes\xarxes_udp\gameclient\client.cpp(340): warning C4244: '=': conversión de 'int' a 'T'; posible pérdida de datos
          with
          [
              T=float
          ]
d:\uni\3r\xarxes\xarxes\xarxes_udp\gameclient\client.cpp(344): warning C4244: '=': conversión de 'int' a 'T'; posible pérdida de datos
          with
          [
              T=float
          ]
d:\uni\3r\xarxes\xarxes\xarxes_udp\gameclient\client.cpp(422): warning C4244: '=': conversión de 'int' a 'T'; posible pérdida de datos
          with
          [
              T=float
          ]
d:\uni\3r\xarxes\xarxes\xarxes_udp\gameclient\client.cpp(426): warning C4244: '=': conversión de 'int' a 'T'; posible pérdida de datos
          with
          [
              T=float
          ]
  Graphics.cpp
d:\uni\3r\xarxes\xarxes\xarxes_udp\gameclient\graphics.cpp(322): warning C4267: 'inicializando': conversión de 'size_t' a 'int'; posible pérdida de datos
  Generando código...
  GameClient.vcxproj -> D:\Uni\3r\Xarxes\Xarxes\Xarxes_UDP\x64\Debug\GameClient.exe
