  Graphics.cpp
d:\uni\3r\xarxes\xarxes\xarxesp2p\gameclient\graphics.h(30): warning C4244: '=': conversión de 'int' a 'T'; posible pérdida de datos
          with
          [
              T=float
          ]
d:\uni\3r\xarxes\xarxes\xarxesp2p\gameclient\graphics.h(31): warning C4244: '=': conversión de 'int' a 'T'; posible pérdida de datos
          with
          [
              T=float
          ]
d:\uni\3r\xarxes\xarxes\xarxesp2p\gameclient\graphics.h(32): warning C4244: '=': conversión de 'int' a 'T'; posible pérdida de datos
          with
          [
              T=float
          ]
d:\uni\3r\xarxes\xarxes\xarxesp2p\gameclient\graphics.h(33): warning C4244: '=': conversión de 'int' a 'T'; posible pérdida de datos
          with
          [
              T=float
          ]
d:\uni\3r\xarxes\xarxes\xarxesp2p\gameclient\graphics.h(41): warning C4244: 'inicializando': conversión de 'T' a 'int'; posible pérdida de datos
          with
          [
              T=float
          ]
d:\uni\3r\xarxes\xarxes\xarxesp2p\gameclient\graphics.h(41): warning C4244: '=': conversión de 'float' a 'int'; posible pérdida de datos
d:\uni\3r\xarxes\xarxes\xarxesp2p\gameclient\graphics.h(43): warning C4244: 'inicializando': conversión de 'T' a 'int'; posible pérdida de datos
          with
          [
              T=float
          ]
d:\uni\3r\xarxes\xarxes\xarxesp2p\gameclient\graphics.h(43): warning C4244: '=': conversión de 'float' a 'int'; posible pérdida de datos
d:\uni\3r\xarxes\xarxes\xarxesp2p\gameclient\graphics.h(45): warning C4244: 'argumento': conversión de 'int' a 'T'; posible pérdida de datos
          with
          [
              T=float
          ]
d:\uni\3r\xarxes\xarxes\xarxesp2p\gameclient\graphics.cpp(129): warning C4267: 'inicializando': conversión de 'size_t' a 'int'; posible pérdida de datos
  Source.cpp
d:\uni\3r\xarxes\xarxes\xarxesp2p\gameclient\graphics.h(30): warning C4244: '=': conversión de 'int' a 'T'; posible pérdida de datos
          with
          [
              T=float
          ]
d:\uni\3r\xarxes\xarxes\xarxesp2p\gameclient\graphics.h(31): warning C4244: '=': conversión de 'int' a 'T'; posible pérdida de datos
          with
          [
              T=float
          ]
d:\uni\3r\xarxes\xarxes\xarxesp2p\gameclient\graphics.h(32): warning C4244: '=': conversión de 'int' a 'T'; posible pérdida de datos
          with
          [
              T=float
          ]
d:\uni\3r\xarxes\xarxes\xarxesp2p\gameclient\graphics.h(33): warning C4244: '=': conversión de 'int' a 'T'; posible pérdida de datos
          with
          [
              T=float
          ]
d:\uni\3r\xarxes\xarxes\xarxesp2p\gameclient\graphics.h(41): warning C4244: 'inicializando': conversión de 'T' a 'int'; posible pérdida de datos
          with
          [
              T=float
          ]
d:\uni\3r\xarxes\xarxes\xarxesp2p\gameclient\graphics.h(41): warning C4244: '=': conversión de 'float' a 'int'; posible pérdida de datos
d:\uni\3r\xarxes\xarxes\xarxesp2p\gameclient\graphics.h(43): warning C4244: 'inicializando': conversión de 'T' a 'int'; posible pérdida de datos
          with
          [
              T=float
          ]
d:\uni\3r\xarxes\xarxes\xarxesp2p\gameclient\graphics.h(43): warning C4244: '=': conversión de 'float' a 'int'; posible pérdida de datos
d:\uni\3r\xarxes\xarxes\xarxesp2p\gameclient\graphics.h(45): warning C4244: 'argumento': conversión de 'int' a 'T'; posible pérdida de datos
          with
          [
              T=float
          ]
d:\uni\3r\xarxes\xarxes\xarxesp2p\gamelib\utilities.cpp(69): warning C4267: 'inicializando': conversión de 'size_t' a 'int'; posible pérdida de datos
d:\uni\3r\xarxes\xarxes\xarxesp2p\gamelib\utilities.cpp(70): warning C4267: '=': conversión de 'size_t' a 'int'; posible pérdida de datos
d:\uni\3r\xarxes\xarxes\xarxesp2p\gamelib\utilities.cpp(72): warning C4267: 'inicializando': conversión de 'size_t' a 'int'; posible pérdida de datos
d:\uni\3r\xarxes\xarxes\xarxesp2p\gameclient\source.cpp(105): warning C4244: 'argumento': conversión de 'time_t' a 'unsigned int'; posible pérdida de datos
d:\uni\3r\xarxes\xarxes\xarxesp2p\gameclient\source.cpp(224): warning C4101: 'dice': variable local sin referencia
d:\uni\3r\xarxes\xarxes\xarxesp2p\gameclient\source.cpp(225): warning C4101: 'hintType': variable local sin referencia
d:\uni\3r\xarxes\xarxes\xarxesp2p\gameclient\source.cpp(250): warning C4101: 'd': variable local sin referencia
  Generando código...
  GameClient.vcxproj -> D:\Uni\3r\Xarxes\Xarxes\XarxesP2P\x64\Debug\GameClient.exe
